1732442700004:help
1732442796334:start
1732443285022:stacktrace
1732445071375:start
1732445232158:stacktrace
1732445478450:start
1732446361144:stackstrace
1732446366938:stacktrace
1732446598926:start
1732902822696:stacktrace
1732902975094:start
1732902980348:stacktrace
1732903081194:start
1733132512649:stacktrace
1733132622114:start
1733132625762:stacktrace
1733132886890:start
1733132890568:stacktrace
1733133070652:start
1733133527995:stacktrace
1733133937434:start
1733134376197:test
1733135323222:tetest
1733135324462:test
1733135735888:start
1733136196127:stacktrace
1733148627574:start
1733151869174:test
1733151897363:stacktrace
1733151925065:test
1733151963233:test\\
1733151964323:test
1733202711292:stacktrace
1733203401136:test
1733203407685:start
1733203430914:stacktrace
1733203583730:test
1733203586443:start
1733203654583:test
1733203657690:start
1733209160618:stacktrace
1733210974323:start
1733210983802:stacktrace
1733212954935:start
1733213001229:stacktrace
1733213040369:start
1733213052619:stacktrace
1733213109082:start
1733215542461:stacktrace
1733215728676:start
1733215740870:stacktrace
1733215754452:start
1733286878802:stacktrace
1733286993502:start
1733287014872:stacktrace
1733287079435:start
1733287112347:stacktrace
1733287422762:start
